<?xml version="1.0" encoding="UTF-8"?>
<!-- Generated by org.testng.reporters.JUnitReportReporter -->
<testsuite skipped="1" hostname="Jaime" name="run.RunTest" tests="1" failures="0" timestamp="2021-09-28T21:33:41 CST" time="0.000" errors="0">
  <testcase name="feature" time="0.000" classname="run.RunTest">
    <skipped/>
  </testcase> <!-- feature -->
</testsuite> <!-- run.RunTest -->
